<?xml version="1.0" encoding="UTF-8"?>
<!-- Generated by org.testng.reporters.JUnitReportReporter -->
<testsuite hostname="LAP-0219" failures="0" tests="1" name="Login.Login" time="7.836" errors="0" timestamp="2023-06-29T12:36:26 IST" skipped="0">
  <testcase classname="Login.Login" name="getUsers" time="7.836"/>
  <system-out/>
</testsuite> <!-- Login.Login -->
