<?xml version="1.0" encoding="UTF-8"?>
<!-- Generated by org.testng.reporters.JUnitReportReporter -->
<testsuite hostname="LAP-0219" failures="0" tests="3" name="test.Login" time="10.084" errors="0" timestamp="2023-07-07T11:32:08 IST" skipped="2">
  <testcase classname="test.Login" name="loginWithCL" time="10.084"/>
  <system-out/>
  <testcase classname="test.Login" name="loginUser">
    <skipped/>
  </testcase> <!-- loginUser -->
  <system-out/>
  <testcase classname="test.Login" name="loginWithCA">
    <skipped/>
  </testcase> <!-- loginWithCA -->
  <system-out/>
</testsuite> <!-- test.Login -->
