<?xml version="1.0" encoding="UTF-8"?>
<!-- Generated by org.testng.reporters.JUnitReportReporter -->
<testsuite hostname="LAP-0219" failures="0" tests="1" name="test.AddPatient" time="3.411" errors="0" timestamp="2023-07-22T09:52:02 IST" skipped="0">
  <testcase classname="test.AddPatient" name="getWeather" time="3.411"/>
  <system-out/>
</testsuite> <!-- test.AddPatient -->
