<?xml version="1.0" encoding="UTF-8"?>
<!-- Generated by org.testng.reporters.JUnitReportReporter -->
<testsuite hostname="LAP-0219" failures="0" tests="1" name="test.Weather" time="3.747" errors="0" timestamp="2023-07-22T13:00:43 IST" skipped="0">
  <testcase classname="test.Weather" name="getWeather" time="3.747"/>
  <system-out/>
</testsuite> <!-- test.Weather -->
