<?xml version="1.0" encoding="UTF-8"?>
<!-- Generated by org.testng.reporters.JUnitReportReporter -->
<testsuite hostname="LAP-0219" failures="0" tests="1" name="test.WeatherUI" time="16.481" errors="0" timestamp="2023-07-22T13:39:57 IST" skipped="0">
  <testcase classname="test.WeatherUI" name="intialize" time="16.481"/>
  <system-out/>
</testsuite> <!-- test.WeatherUI -->
